<?xml version="1.0" encoding="UTF-8"?>
<!-- Generated by org.testng.reporters.JUnitReportReporter -->
<testsuite hostname="DESKTOP-L6I33ED" failures="0" tests="6" name="test.EmployeeLeaveServiceTest" time="0.923" errors="0" timestamp="2023-07-02T12:08:15 IST" skipped="0">
  <testcase classname="test.EmployeeLeaveServiceTest" name="testCalculateLeavesTakenBetweenDates" time="0.018"/>
  <testcase classname="test.EmployeeLeaveServiceTest" name="testCalculateLeavesTakenBetweenDatesWithNullDates" time="0.882"/>
  <testcase classname="test.EmployeeLeaveServiceTest" name="testCalculateLeavesTaken_WithLeaves" time="0.006"/>
  <testcase classname="test.EmployeeLeaveServiceTest" name="testCalculateLeavesTaken_PendingLeaves" time="0.009"/>
  <testcase classname="test.EmployeeLeaveServiceTest" name="testCalculateLeavesTakenBetweenDatesWithSameDate" time="0.001"/>
  <testcase classname="test.EmployeeLeaveServiceTest" name="testCalculateLeavesTaken_NoLeaves" time="0.007"/>
</testsuite> <!-- test.EmployeeLeaveServiceTest -->
