<?xml version="1.0" encoding="UTF-8"?>
<!-- Generated by org.testng.reporters.JUnitReportReporter -->
<testsuite hostname="DESKTOP-L6I33ED" failures="0" tests="3" name="test.PayRollDAOImplTest" time="1.013" errors="0" timestamp="2023-07-02T19:23:53 IST" skipped="0">
  <testcase classname="test.PayRollDAOImplTest" name="testGetEmployeePayslipsByEmployeeId" time="0.089"/>
  <testcase classname="test.PayRollDAOImplTest" name="testInsertEmployeePayslip" time="0.007"/>
  <testcase classname="test.PayRollDAOImplTest" name="testGetEmployeePayslipsByEmployeeIdAndMonthYear" time="0.917"/>
</testsuite> <!-- test.PayRollDAOImplTest -->
