<?xml version="1.0" encoding="UTF-8"?>
<!-- Generated by org.testng.reporters.JUnitReportReporter -->
<testsuite hostname="DESKTOP-L6I33ED" failures="0" tests="8" name="test.EmployeeAttendanceServiceTest" time="0.945" errors="0" timestamp="2023-07-02T12:08:26 IST" skipped="0">
  <testcase classname="test.EmployeeAttendanceServiceTest" name="testGetAvgPunchInAndOut_WithNoPunchData_ReturnsEmptyList" time="0.853"/>
  <testcase classname="test.EmployeeAttendanceServiceTest" name="testCalculateAttendance" time="0.045"/>
  <testcase classname="test.EmployeeAttendanceServiceTest" name="testGetAvgPunchInAndOut_WithValidData_ReturnsAveragePunchInAndOutTimes" time="0.004"/>
  <testcase classname="test.EmployeeAttendanceServiceTest" name="testInsertEmployeeAttendance" time="0.010"/>
  <testcase classname="test.EmployeeAttendanceServiceTest" name="testGetYesterdayPunchData" time="0.011"/>
  <testcase classname="test.EmployeeAttendanceServiceTest" name="testConvertToDateTime_WhenCellContainsDateTime_ReturnsDateTimeValue" time="0.003"/>
  <testcase classname="test.EmployeeAttendanceServiceTest" name="testConvertToDateTime_WhenCellDoesNotContainDateTime_ReturnsNull" time="0.004"/>
  <testcase classname="test.EmployeeAttendanceServiceTest" name="testGetYears" time="0.015"/>
</testsuite> <!-- test.EmployeeAttendanceServiceTest -->
